FDTD Solutions Version 8.20.1661 (Linux 64bit)
 expires (month/day/year): 6/15/2019
using config file: /global/home/users/christopherchen/.config/Lumerical/FDTD Solutions.ini
license host: <a href=http://131.243.180.41:8095>131.243.180.41:8095</a>
current time: Thu Apr 18 17:19:28 2019
Running on host: n0079.nano1
All processes are communicating and ready to proceed to simulation...
Running fsp file: /global/home/groups-sw/nano/software/sl-7.x86_64/lumerical/fdtd-8.20.1661/bin/fdtd-engine-mpich2nem /global/home/users/christopherchen/fdtd-slurm-batch/example/1_Gamma-L_1.fsp
This simulation has already been run, will run again.
number of processors is 4
processors are distributed as: 1x2x2
Running 3D Simulation
Starting meshing
Simulation size in gridpoints: 31 x 16 x 16
Refined 0 mesh cells (0%)
Completed meshing!
Meshing complete in 0.15 seconds of CPU time
190752 190752
Starting meshing
Simulation size in gridpoints: 31 x 16 x 16
Refined 0 mesh cells (0%)
Completed meshing!
Meshing complete in 0.14 seconds of CPU time
186240 186240
Starting meshing
Simulation size in gridpoints: 31 x 16 x 16
Refined 0 mesh cells (0%)
Completed meshing!
Meshing complete in 0.13 seconds of CPU time
185280 185280
finished material properties
Meshing Time: 0.281231 seconds, Init Electrical Material Time: 1.63153 seconds, Init Magnetic Material Time: 5.9e-05
Selecting 3d kernel for splitFieldDirection=0 and optLevel=2
-----------------------------------------
Beginning initialization of 3D Simulation
Starting to add sources to simulation
Adding 3D point source
Adding 3D point source
Adding 3D point source
Adding 3D point source
Adding 3D point source
Adding 3D point source
Adding 3D point source
Adding 3D point source
Adding 3D point source
Adding 3D point source
Adding 3D point source
Adding 3D point source
Adding 3D point source
Adding 3D point source
Adding 3D point source
Adding 3D point source
Starting to add boundary conditions to simulation
Adding 3D Bloch BC
Adding 3D Bloch BC
Adding 3D Parallel bloch BC
Adding 3D Parallel BC
Adding 3D Parallel bloch BC
Adding 3D Parallel BC
Starting to add monitors to Simulation
Adding analysis monitor
Adding analysis monitor
Adding analysis monitor
Adding 3D Time monitor
Adding 3D Time monitor
Adding 3D Time monitor
Adding 3D Time monitor
Adding 3D Time monitor
Finished initialization of 3D Simulation
-----------------------------------------
All processes are communicating and ready to proceed to simulation...
Starting 26889 total iterations
0% complete. Max time remaining: 1 min, 15 secs. Auto Shutoff: 1
2% complete. Max time remaining: 1 min, 8 secs. Auto Shutoff: 0.0643581
4% complete. Max time remaining: 1 min, 6 secs. Auto Shutoff: 0.00190651
6% complete. Max time remaining: 1 min, 5 secs. Auto Shutoff: 4.13385e-05
7% complete. Max time remaining: 1 min, 4 secs. Auto Shutoff: 6.71187e-06
100% complete. Max time remaining: 0 mins, 0 secs. Auto Shutoff: 6.71187e-06
Early termination of simulation, the autoshutoff criteria are satisfied.
Completed 1818 iterations, or 6.761215e-14s of Simulation Time
Process 0 starting to collect data
    collecting monitor data
    collecting source data
Finished collecting data
Simulation completed successfully at: Thu Apr 18 17:19:36 2019
Overall wall time measurements in seconds:
    time to mesh and initialize: 3
    time to run FDTD simulation: 5
    time to finalize data and save to files: 0
    FDTD solver speed: 2.88553 Mnodes/s
    total FDTD solver speed on 4 processes: 11.5421 Mnodes/s
